<testsuites id="" name="" tests="70" failures="65" skipped="0" errors="0" time="114.389182">
<testsuite name="auth.spec.ts" timestamp="2025-07-23T15:45:12.510Z" hostname="chromium" tests="9" failures="9" skipped="0" time="93.109" errors="0">
<testcase name="Authentication Flow › should navigate to login page when not authenticated" classname="auth.spec.ts" time="7.281">
<failure message="auth.spec.ts:9:7 should navigate to login page when not authenticated" type="FAILURE">
<![CDATA[  [chromium] › auth.spec.ts:9:7 › Authentication Flow › should navigate to login page when not authenticated 

    Error: Timed out 5000ms waiting for expect(locator).toBeVisible()

    Locator: getByRole('heading', { name: /login/i })
    Expected: visible
    Received: <element(s) not found>
    Call log:
      - Expect "toBeVisible" with timeout 5000ms
      - waiting for getByRole('heading', { name: /login/i })


      17 |
      18 |     // Verify login page elements are present
    > 19 |     await expect(page.getByRole('heading', { name: /login/i })).toBeVisible();
         |                                                                 ^
      20 |     await expect(page.getByRole('textbox', { name: /email/i })).toBeVisible();
      21 |     await expect(
      22 |       page.getByRole('textbox', { name: /password/i })
        at /Users/prueba/Desktop/CactusDashboard/cactus-wealth-frontend/e2e/auth.spec.ts:19:65

    attachment #1: screenshot (image/png) ──────────────────────────────────────────────────────────
    ../test-results/auth-Authentication-Flow-s-33825-page-when-not-authenticated-chromium/test-failed-1.png
    ────────────────────────────────────────────────────────────────────────────────────────────────

    attachment #2: video (video/webm) ──────────────────────────────────────────────────────────────
    ../test-results/auth-Authentication-Flow-s-33825-page-when-not-authenticated-chromium/video.webm
    ────────────────────────────────────────────────────────────────────────────────────────────────

    Error Context: ../test-results/auth-Authentication-Flow-s-33825-page-when-not-authenticated-chromium/error-context.md
]]>
</failure>
<system-out>
<![CDATA[
[[ATTACHMENT|auth-Authentication-Flow-s-33825-page-when-not-authenticated-chromium/test-failed-1.png]]

[[ATTACHMENT|auth-Authentication-Flow-s-33825-page-when-not-authenticated-chromium/video.webm]]

[[ATTACHMENT|auth-Authentication-Flow-s-33825-page-when-not-authenticated-chromium/error-context.md]]
]]>
</system-out>
</testcase>
<testcase name="Authentication Flow › should show validation errors for invalid login" classname="auth.spec.ts" time="7.573">
<failure message="auth.spec.ts:27:7 should show validation errors for invalid login" type="FAILURE">
<![CDATA[  [chromium] › auth.spec.ts:27:7 › Authentication Flow › should show validation errors for invalid login 

    Error: Timed out 5000ms waiting for expect(locator).toBeVisible()

    Locator: getByText(/email is required/i)
    Expected: visible
    Received: <element(s) not found>
    Call log:
      - Expect "toBeVisible" with timeout 5000ms
      - waiting for getByText(/email is required/i)


      32 |
      33 |     // Should show validation errors
    > 34 |     await expect(page.getByText(/email is required/i)).toBeVisible();
         |                                                        ^
      35 |     await expect(page.getByText(/password is required/i)).toBeVisible();
      36 |
      37 |     // Try with invalid email format
        at /Users/prueba/Desktop/CactusDashboard/cactus-wealth-frontend/e2e/auth.spec.ts:34:56

    attachment #1: screenshot (image/png) ──────────────────────────────────────────────────────────
    ../test-results/auth-Authentication-Flow-s-72909-on-errors-for-invalid-login-chromium/test-failed-1.png
    ────────────────────────────────────────────────────────────────────────────────────────────────

    attachment #2: video (video/webm) ──────────────────────────────────────────────────────────────
    ../test-results/auth-Authentication-Flow-s-72909-on-errors-for-invalid-login-chromium/video.webm
    ────────────────────────────────────────────────────────────────────────────────────────────────

    Error Context: ../test-results/auth-Authentication-Flow-s-72909-on-errors-for-invalid-login-chromium/error-context.md
]]>
</failure>
<system-out>
<![CDATA[
[[ATTACHMENT|auth-Authentication-Flow-s-72909-on-errors-for-invalid-login-chromium/test-failed-1.png]]

[[ATTACHMENT|auth-Authentication-Flow-s-72909-on-errors-for-invalid-login-chromium/video.webm]]

[[ATTACHMENT|auth-Authentication-Flow-s-72909-on-errors-for-invalid-login-chromium/error-context.md]]
]]>
</system-out>
</testcase>
<testcase name="Authentication Flow › should perform successful login flow" classname="auth.spec.ts" time="12.115">
<failure message="auth.spec.ts:47:7 should perform successful login flow" type="FAILURE">
<![CDATA[  [chromium] › auth.spec.ts:47:7 › Authentication Flow › should perform successful login flow ──────

    TimeoutError: locator.fill: Timeout 10000ms exceeded.
    Call log:
      - waiting for getByRole('textbox', { name: /email/i })


      51 |     await page
      52 |       .getByRole('textbox', { name: /email/i })
    > 53 |       .fill('test@cactuswealth.com');
         |        ^
      54 |     await page
      55 |       .getByRole('textbox', { name: /password/i })
      56 |       .fill('testpassword123');
        at /Users/prueba/Desktop/CactusDashboard/cactus-wealth-frontend/e2e/auth.spec.ts:53:8

    attachment #1: screenshot (image/png) ──────────────────────────────────────────────────────────
    ../test-results/auth-Authentication-Flow-s-0f8c7-rform-successful-login-flow-chromium/test-failed-1.png
    ────────────────────────────────────────────────────────────────────────────────────────────────

    attachment #2: video (video/webm) ──────────────────────────────────────────────────────────────
    ../test-results/auth-Authentication-Flow-s-0f8c7-rform-successful-login-flow-chromium/video.webm
    ────────────────────────────────────────────────────────────────────────────────────────────────

    Error Context: ../test-results/auth-Authentication-Flow-s-0f8c7-rform-successful-login-flow-chromium/error-context.md
]]>
</failure>
<system-out>
<![CDATA[
[[ATTACHMENT|auth-Authentication-Flow-s-0f8c7-rform-successful-login-flow-chromium/test-failed-1.png]]

[[ATTACHMENT|auth-Authentication-Flow-s-0f8c7-rform-successful-login-flow-chromium/video.webm]]

[[ATTACHMENT|auth-Authentication-Flow-s-0f8c7-rform-successful-login-flow-chromium/error-context.md]]
]]>
</system-out>
</testcase>
<testcase name="Authentication Flow › should handle login with &quot;Remember Me&quot; option" classname="auth.spec.ts" time="12.156">
<failure message="auth.spec.ts:77:7 should handle login with &quot;Remember Me&quot; option" type="FAILURE">
<![CDATA[  [chromium] › auth.spec.ts:77:7 › Authentication Flow › should handle login with "Remember Me" option 

    TimeoutError: locator.fill: Timeout 10000ms exceeded.
    Call log:
      - waiting for getByRole('textbox', { name: /email/i })


      90 |     await page
      91 |       .getByRole('textbox', { name: /email/i })
    > 92 |       .fill('test@cactuswealth.com');
         |        ^
      93 |     await page
      94 |       .getByRole('textbox', { name: /password/i })
      95 |       .fill('testpassword123');
        at /Users/prueba/Desktop/CactusDashboard/cactus-wealth-frontend/e2e/auth.spec.ts:92:8

    attachment #1: screenshot (image/png) ──────────────────────────────────────────────────────────
    ../test-results/auth-Authentication-Flow-s-9e549-gin-with-Remember-Me-option-chromium/test-failed-1.png
    ────────────────────────────────────────────────────────────────────────────────────────────────

    attachment #2: video (video/webm) ──────────────────────────────────────────────────────────────
    ../test-results/auth-Authentication-Flow-s-9e549-gin-with-Remember-Me-option-chromium/video.webm
    ────────────────────────────────────────────────────────────────────────────────────────────────

    Error Context: ../test-results/auth-Authentication-Flow-s-9e549-gin-with-Remember-Me-option-chromium/error-context.md
]]>
</failure>
<system-out>
<![CDATA[
[[ATTACHMENT|auth-Authentication-Flow-s-9e549-gin-with-Remember-Me-option-chromium/test-failed-1.png]]

[[ATTACHMENT|auth-Authentication-Flow-s-9e549-gin-with-Remember-Me-option-chromium/video.webm]]

[[ATTACHMENT|auth-Authentication-Flow-s-9e549-gin-with-Remember-Me-option-chromium/error-context.md]]
]]>
</system-out>
</testcase>
<testcase name="Authentication Flow › should handle logout functionality" classname="auth.spec.ts" time="12.267">
<failure message="auth.spec.ts:102:7 should handle logout functionality" type="FAILURE">
<![CDATA[  [chromium] › auth.spec.ts:102:7 › Authentication Flow › should handle logout functionality ───────

    TimeoutError: locator.fill: Timeout 10000ms exceeded.
    Call log:
      - waiting for getByRole('textbox', { name: /email/i })


      105 |     await page
      106 |       .getByRole('textbox', { name: /email/i })
    > 107 |       .fill('test@cactuswealth.com');
          |        ^
      108 |     await page
      109 |       .getByRole('textbox', { name: /password/i })
      110 |       .fill('testpassword123');
        at /Users/prueba/Desktop/CactusDashboard/cactus-wealth-frontend/e2e/auth.spec.ts:107:8

    attachment #1: screenshot (image/png) ──────────────────────────────────────────────────────────
    ../test-results/auth-Authentication-Flow-should-handle-logout-functionality-chromium/test-failed-1.png
    ────────────────────────────────────────────────────────────────────────────────────────────────

    attachment #2: video (video/webm) ──────────────────────────────────────────────────────────────
    ../test-results/auth-Authentication-Flow-should-handle-logout-functionality-chromium/video.webm
    ────────────────────────────────────────────────────────────────────────────────────────────────

    Error Context: ../test-results/auth-Authentication-Flow-should-handle-logout-functionality-chromium/error-context.md
]]>
</failure>
<system-out>
<![CDATA[
[[ATTACHMENT|auth-Authentication-Flow-should-handle-logout-functionality-chromium/test-failed-1.png]]

[[ATTACHMENT|auth-Authentication-Flow-should-handle-logout-functionality-chromium/video.webm]]

[[ATTACHMENT|auth-Authentication-Flow-should-handle-logout-functionality-chromium/error-context.md]]
]]>
</system-out>
</testcase>
<testcase name="Authentication Flow › should redirect to intended page after login" classname="auth.spec.ts" time="6.942">
<failure message="auth.spec.ts:140:7 should redirect to intended page after login" type="FAILURE">
<![CDATA[  [chromium] › auth.spec.ts:140:7 › Authentication Flow › should redirect to intended page after login 

    Error: Timed out 5000ms waiting for expect(page).toHaveURL(expected)

    Expected pattern: /.*login/
    Received string:  "http://localhost:3000/dashboard/clients"
    Call log:
      - Expect "toHaveURL" with timeout 5000ms
        9 × unexpected value "http://localhost:3000/dashboard/clients"


      143 |
      144 |     // Should be redirected to login
    > 145 |     await expect(page).toHaveURL(/.*login/);
          |                        ^
      146 |
      147 |     // Login
      148 |     await page
        at /Users/prueba/Desktop/CactusDashboard/cactus-wealth-frontend/e2e/auth.spec.ts:145:24

    attachment #1: screenshot (image/png) ──────────────────────────────────────────────────────────
    ../test-results/auth-Authentication-Flow-s-992ee-o-intended-page-after-login-chromium/test-failed-1.png
    ────────────────────────────────────────────────────────────────────────────────────────────────

    attachment #2: video (video/webm) ──────────────────────────────────────────────────────────────
    ../test-results/auth-Authentication-Flow-s-992ee-o-intended-page-after-login-chromium/video.webm
    ────────────────────────────────────────────────────────────────────────────────────────────────

    Error Context: ../test-results/auth-Authentication-Flow-s-992ee-o-intended-page-after-login-chromium/error-context.md
]]>
</failure>
<system-out>
<![CDATA[
[[ATTACHMENT|auth-Authentication-Flow-s-992ee-o-intended-page-after-login-chromium/test-failed-1.png]]

[[ATTACHMENT|auth-Authentication-Flow-s-992ee-o-intended-page-after-login-chromium/video.webm]]

[[ATTACHMENT|auth-Authentication-Flow-s-992ee-o-intended-page-after-login-chromium/error-context.md]]
]]>
</system-out>
</testcase>
<testcase name="Authentication Flow › should handle session timeout gracefully" classname="auth.spec.ts" time="11.68">
<failure message="auth.spec.ts:160:7 should handle session timeout gracefully" type="FAILURE">
<![CDATA[  [chromium] › auth.spec.ts:160:7 › Authentication Flow › should handle session timeout gracefully ─

    TimeoutError: locator.fill: Timeout 10000ms exceeded.
    Call log:
      - waiting for getByRole('textbox', { name: /email/i })


      163 |     await page
      164 |       .getByRole('textbox', { name: /email/i })
    > 165 |       .fill('test@cactuswealth.com');
          |        ^
      166 |     await page
      167 |       .getByRole('textbox', { name: /password/i })
      168 |       .fill('testpassword123');
        at /Users/prueba/Desktop/CactusDashboard/cactus-wealth-frontend/e2e/auth.spec.ts:165:8

    attachment #1: screenshot (image/png) ──────────────────────────────────────────────────────────
    ../test-results/auth-Authentication-Flow-s-93cd3--session-timeout-gracefully-chromium/test-failed-1.png
    ────────────────────────────────────────────────────────────────────────────────────────────────

    attachment #2: video (video/webm) ──────────────────────────────────────────────────────────────
    ../test-results/auth-Authentication-Flow-s-93cd3--session-timeout-gracefully-chromium/video.webm
    ────────────────────────────────────────────────────────────────────────────────────────────────

    Error Context: ../test-results/auth-Authentication-Flow-s-93cd3--session-timeout-gracefully-chromium/error-context.md
]]>
</failure>
<system-out>
<![CDATA[
[[ATTACHMENT|auth-Authentication-Flow-s-93cd3--session-timeout-gracefully-chromium/test-failed-1.png]]

[[ATTACHMENT|auth-Authentication-Flow-s-93cd3--session-timeout-gracefully-chromium/video.webm]]

[[ATTACHMENT|auth-Authentication-Flow-s-93cd3--session-timeout-gracefully-chromium/error-context.md]]
]]>
</system-out>
</testcase>
<testcase name="Authentication Flow › should show loading state during login" classname="auth.spec.ts" time="11.668">
<failure message="auth.spec.ts:193:7 should show loading state during login" type="FAILURE">
<![CDATA[  [chromium] › auth.spec.ts:193:7 › Authentication Flow › should show loading state during login ───

    TimeoutError: locator.fill: Timeout 10000ms exceeded.
    Call log:
      - waiting for getByRole('textbox', { name: /email/i })


      197 |     await page
      198 |       .getByRole('textbox', { name: /email/i })
    > 199 |       .fill('test@cactuswealth.com');
          |        ^
      200 |     await page
      201 |       .getByRole('textbox', { name: /password/i })
      202 |       .fill('testpassword123');
        at /Users/prueba/Desktop/CactusDashboard/cactus-wealth-frontend/e2e/auth.spec.ts:199:8

    attachment #1: screenshot (image/png) ──────────────────────────────────────────────────────────
    ../test-results/auth-Authentication-Flow-s-10cd4--loading-state-during-login-chromium/test-failed-1.png
    ────────────────────────────────────────────────────────────────────────────────────────────────

    attachment #2: video (video/webm) ──────────────────────────────────────────────────────────────
    ../test-results/auth-Authentication-Flow-s-10cd4--loading-state-during-login-chromium/video.webm
    ────────────────────────────────────────────────────────────────────────────────────────────────

    Error Context: ../test-results/auth-Authentication-Flow-s-10cd4--loading-state-during-login-chromium/error-context.md
]]>
</failure>
<system-out>
<![CDATA[
[[ATTACHMENT|auth-Authentication-Flow-s-10cd4--loading-state-during-login-chromium/test-failed-1.png]]

[[ATTACHMENT|auth-Authentication-Flow-s-10cd4--loading-state-during-login-chromium/video.webm]]

[[ATTACHMENT|auth-Authentication-Flow-s-10cd4--loading-state-during-login-chromium/error-context.md]]
]]>
</system-out>
</testcase>
<testcase name="Authentication Flow › should handle network errors during login" classname="auth.spec.ts" time="11.427">
<failure message="auth.spec.ts:221:7 should handle network errors during login" type="FAILURE">
<![CDATA[  [chromium] › auth.spec.ts:221:7 › Authentication Flow › should handle network errors during login 

    TimeoutError: locator.fill: Timeout 10000ms exceeded.
    Call log:
      - waiting for getByRole('textbox', { name: /email/i })


      228 |     await page
      229 |       .getByRole('textbox', { name: /email/i })
    > 230 |       .fill('test@cactuswealth.com');
          |        ^
      231 |     await page
      232 |       .getByRole('textbox', { name: /password/i })
      233 |       .fill('testpassword123');
        at /Users/prueba/Desktop/CactusDashboard/cactus-wealth-frontend/e2e/auth.spec.ts:230:8

    attachment #1: screenshot (image/png) ──────────────────────────────────────────────────────────
    ../test-results/auth-Authentication-Flow-s-078fe-network-errors-during-login-chromium/test-failed-1.png
    ────────────────────────────────────────────────────────────────────────────────────────────────

    attachment #2: video (video/webm) ──────────────────────────────────────────────────────────────
    ../test-results/auth-Authentication-Flow-s-078fe-network-errors-during-login-chromium/video.webm
    ────────────────────────────────────────────────────────────────────────────────────────────────

    Error Context: ../test-results/auth-Authentication-Flow-s-078fe-network-errors-during-login-chromium/error-context.md
]]>
</failure>
<system-out>
<![CDATA[
[[ATTACHMENT|auth-Authentication-Flow-s-078fe-network-errors-during-login-chromium/test-failed-1.png]]

[[ATTACHMENT|auth-Authentication-Flow-s-078fe-network-errors-during-login-chromium/video.webm]]

[[ATTACHMENT|auth-Authentication-Flow-s-078fe-network-errors-during-login-chromium/error-context.md]]
]]>
</system-out>
</testcase>
</testsuite>
<testsuite name="client-kanban.spec.ts" timestamp="2025-07-23T15:45:12.510Z" hostname="chromium" tests="1" failures="0" skipped="0" time="0.143" errors="0">
<testcase name="Client Kanban Flow › should add a client and move in Kanban" classname="client-kanban.spec.ts" time="0.143">
</testcase>
</testsuite>
<testsuite name="auth.spec.ts" timestamp="2025-07-23T15:45:12.510Z" hostname="firefox" tests="9" failures="9" skipped="0" time="59.472" errors="0">
<testcase name="Authentication Flow › should navigate to login page when not authenticated" classname="auth.spec.ts" time="8.531">
<failure message="auth.spec.ts:9:7 should navigate to login page when not authenticated" type="FAILURE">
<![CDATA[  [firefox] › auth.spec.ts:9:7 › Authentication Flow › should navigate to login page when not authenticated 

    Error: Timed out 5000ms waiting for expect(locator).toBeVisible()

    Locator: getByRole('heading', { name: /login/i })
    Expected: visible
    Received: <element(s) not found>
    Call log:
      - Expect "toBeVisible" with timeout 5000ms
      - waiting for getByRole('heading', { name: /login/i })


      17 |
      18 |     // Verify login page elements are present
    > 19 |     await expect(page.getByRole('heading', { name: /login/i })).toBeVisible();
         |                                                                 ^
      20 |     await expect(page.getByRole('textbox', { name: /email/i })).toBeVisible();
      21 |     await expect(
      22 |       page.getByRole('textbox', { name: /password/i })
        at /Users/prueba/Desktop/CactusDashboard/cactus-wealth-frontend/e2e/auth.spec.ts:19:65

    attachment #1: screenshot (image/png) ──────────────────────────────────────────────────────────
    ../test-results/auth-Authentication-Flow-s-33825-page-when-not-authenticated-firefox/test-failed-1.png
    ────────────────────────────────────────────────────────────────────────────────────────────────

    attachment #2: video (video/webm) ──────────────────────────────────────────────────────────────
    ../test-results/auth-Authentication-Flow-s-33825-page-when-not-authenticated-firefox/video.webm
    ────────────────────────────────────────────────────────────────────────────────────────────────

    Error Context: ../test-results/auth-Authentication-Flow-s-33825-page-when-not-authenticated-firefox/error-context.md
]]>
</failure>
<system-out>
<![CDATA[
[[ATTACHMENT|auth-Authentication-Flow-s-33825-page-when-not-authenticated-firefox/test-failed-1.png]]

[[ATTACHMENT|auth-Authentication-Flow-s-33825-page-when-not-authenticated-firefox/video.webm]]

[[ATTACHMENT|auth-Authentication-Flow-s-33825-page-when-not-authenticated-firefox/error-context.md]]
]]>
</system-out>
</testcase>
<testcase name="Authentication Flow › should show validation errors for invalid login" classname="auth.spec.ts" time="2.425">
<failure message="auth.spec.ts:27:7 should show validation errors for invalid login" type="FAILURE">
<![CDATA[  [firefox] › auth.spec.ts:27:7 › Authentication Flow › should show validation errors for invalid login 

    Error: page.goto: NS_BINDING_ABORTED; maybe frame was detached?
    Call log:
      - navigating to "http://localhost:3000/login", waiting until "load"


      26 |
      27 |   test('should show validation errors for invalid login', async ({ page }) => {
    > 28 |     await page.goto('/login');
         |                ^
      29 |
      30 |     // Try to submit empty form
      31 |     await page.getByRole('button', { name: /sign in/i }).click();
        at /Users/prueba/Desktop/CactusDashboard/cactus-wealth-frontend/e2e/auth.spec.ts:28:16

    attachment #1: screenshot (image/png) ──────────────────────────────────────────────────────────
    ../test-results/auth-Authentication-Flow-s-72909-on-errors-for-invalid-login-firefox/test-failed-1.png
    ────────────────────────────────────────────────────────────────────────────────────────────────

    attachment #2: video (video/webm) ──────────────────────────────────────────────────────────────
    ../test-results/auth-Authentication-Flow-s-72909-on-errors-for-invalid-login-firefox/video.webm
    ────────────────────────────────────────────────────────────────────────────────────────────────

    Error Context: ../test-results/auth-Authentication-Flow-s-72909-on-errors-for-invalid-login-firefox/error-context.md
]]>
</failure>
<system-out>
<![CDATA[
[[ATTACHMENT|auth-Authentication-Flow-s-72909-on-errors-for-invalid-login-firefox/test-failed-1.png]]

[[ATTACHMENT|auth-Authentication-Flow-s-72909-on-errors-for-invalid-login-firefox/video.webm]]

[[ATTACHMENT|auth-Authentication-Flow-s-72909-on-errors-for-invalid-login-firefox/error-context.md]]
]]>
</system-out>
</testcase>
<testcase name="Authentication Flow › should perform successful login flow" classname="auth.spec.ts" time="13.599">
<failure message="auth.spec.ts:47:7 should perform successful login flow" type="FAILURE">
<![CDATA[  [firefox] › auth.spec.ts:47:7 › Authentication Flow › should perform successful login flow ───────

    TimeoutError: locator.fill: Timeout 10000ms exceeded.
    Call log:
      - waiting for getByRole('textbox', { name: /email/i })


      51 |     await page
      52 |       .getByRole('textbox', { name: /email/i })
    > 53 |       .fill('test@cactuswealth.com');
         |        ^
      54 |     await page
      55 |       .getByRole('textbox', { name: /password/i })
      56 |       .fill('testpassword123');
        at /Users/prueba/Desktop/CactusDashboard/cactus-wealth-frontend/e2e/auth.spec.ts:53:8

    attachment #1: screenshot (image/png) ──────────────────────────────────────────────────────────
    ../test-results/auth-Authentication-Flow-s-0f8c7-rform-successful-login-flow-firefox/test-failed-1.png
    ────────────────────────────────────────────────────────────────────────────────────────────────

    attachment #2: video (video/webm) ──────────────────────────────────────────────────────────────
    ../test-results/auth-Authentication-Flow-s-0f8c7-rform-successful-login-flow-firefox/video.webm
    ────────────────────────────────────────────────────────────────────────────────────────────────

    Error Context: ../test-results/auth-Authentication-Flow-s-0f8c7-rform-successful-login-flow-firefox/error-context.md
]]>
</failure>
<system-out>
<![CDATA[
[[ATTACHMENT|auth-Authentication-Flow-s-0f8c7-rform-successful-login-flow-firefox/test-failed-1.png]]

[[ATTACHMENT|auth-Authentication-Flow-s-0f8c7-rform-successful-login-flow-firefox/video.webm]]

[[ATTACHMENT|auth-Authentication-Flow-s-0f8c7-rform-successful-login-flow-firefox/error-context.md]]
]]>
</system-out>
</testcase>
<testcase name="Authentication Flow › should handle login with &quot;Remember Me&quot; option" classname="auth.spec.ts" time="2.947">
<failure message="auth.spec.ts:77:7 should handle login with &quot;Remember Me&quot; option" type="FAILURE">
<![CDATA[  [firefox] › auth.spec.ts:77:7 › Authentication Flow › should handle login with "Remember Me" option 

    Error: page.goto: NS_BINDING_ABORTED
    Call log:
      - navigating to "http://localhost:3000/login", waiting until "load"


      76 |
      77 |   test('should handle login with "Remember Me" option', async ({ page }) => {
    > 78 |     await page.goto('/login');
         |                ^
      79 |
      80 |     // Check "Remember Me" checkbox if it exists
      81 |     const rememberMeCheckbox = page.getByRole('checkbox', {
        at /Users/prueba/Desktop/CactusDashboard/cactus-wealth-frontend/e2e/auth.spec.ts:78:16

    attachment #1: screenshot (image/png) ──────────────────────────────────────────────────────────
    ../test-results/auth-Authentication-Flow-s-9e549-gin-with-Remember-Me-option-firefox/test-failed-1.png
    ────────────────────────────────────────────────────────────────────────────────────────────────

    attachment #2: video (video/webm) ──────────────────────────────────────────────────────────────
    ../test-results/auth-Authentication-Flow-s-9e549-gin-with-Remember-Me-option-firefox/video.webm
    ────────────────────────────────────────────────────────────────────────────────────────────────

    Error Context: ../test-results/auth-Authentication-Flow-s-9e549-gin-with-Remember-Me-option-firefox/error-context.md
]]>
</failure>
<system-out>
<![CDATA[
[[ATTACHMENT|auth-Authentication-Flow-s-9e549-gin-with-Remember-Me-option-firefox/test-failed-1.png]]

[[ATTACHMENT|auth-Authentication-Flow-s-9e549-gin-with-Remember-Me-option-firefox/video.webm]]

[[ATTACHMENT|auth-Authentication-Flow-s-9e549-gin-with-Remember-Me-option-firefox/error-context.md]]
]]>
</system-out>
</testcase>
<testcase name="Authentication Flow › should handle logout functionality" classname="auth.spec.ts" time="2.126">
<failure message="auth.spec.ts:102:7 should handle logout functionality" type="FAILURE">
<![CDATA[  [firefox] › auth.spec.ts:102:7 › Authentication Flow › should handle logout functionality ────────

    Error: page.goto: NS_BINDING_ABORTED; maybe frame was detached?
    Call log:
      - navigating to "http://localhost:3000/login", waiting until "load"


      102 |   test('should handle logout functionality', async ({ page }) => {
      103 |     // First login
    > 104 |     await page.goto('/login');
          |                ^
      105 |     await page
      106 |       .getByRole('textbox', { name: /email/i })
      107 |       .fill('test@cactuswealth.com');
        at /Users/prueba/Desktop/CactusDashboard/cactus-wealth-frontend/e2e/auth.spec.ts:104:16

    attachment #1: screenshot (image/png) ──────────────────────────────────────────────────────────
    ../test-results/auth-Authentication-Flow-should-handle-logout-functionality-firefox/test-failed-1.png
    ────────────────────────────────────────────────────────────────────────────────────────────────

    attachment #2: video (video/webm) ──────────────────────────────────────────────────────────────
    ../test-results/auth-Authentication-Flow-should-handle-logout-functionality-firefox/video.webm
    ────────────────────────────────────────────────────────────────────────────────────────────────

    Error Context: ../test-results/auth-Authentication-Flow-should-handle-logout-functionality-firefox/error-context.md
]]>
</failure>
<system-out>
<![CDATA[
[[ATTACHMENT|auth-Authentication-Flow-should-handle-logout-functionality-firefox/test-failed-1.png]]

[[ATTACHMENT|auth-Authentication-Flow-should-handle-logout-functionality-firefox/video.webm]]

[[ATTACHMENT|auth-Authentication-Flow-should-handle-logout-functionality-firefox/error-context.md]]
]]>
</system-out>
</testcase>
<testcase name="Authentication Flow › should redirect to intended page after login" classname="auth.spec.ts" time="9.155">
<failure message="auth.spec.ts:140:7 should redirect to intended page after login" type="FAILURE">
<![CDATA[  [firefox] › auth.spec.ts:140:7 › Authentication Flow › should redirect to intended page after login 

    Error: Timed out 5000ms waiting for expect(page).toHaveURL(expected)

    Expected pattern: /.*login/
    Received string:  "http://localhost:3000/dashboard/clients"
    Call log:
      - Expect "toHaveURL" with timeout 5000ms
        8 × unexpected value "http://localhost:3000/dashboard/clients"


      143 |
      144 |     // Should be redirected to login
    > 145 |     await expect(page).toHaveURL(/.*login/);
          |                        ^
      146 |
      147 |     // Login
      148 |     await page
        at /Users/prueba/Desktop/CactusDashboard/cactus-wealth-frontend/e2e/auth.spec.ts:145:24

    attachment #1: screenshot (image/png) ──────────────────────────────────────────────────────────
    ../test-results/auth-Authentication-Flow-s-992ee-o-intended-page-after-login-firefox/test-failed-1.png
    ────────────────────────────────────────────────────────────────────────────────────────────────

    attachment #2: video (video/webm) ──────────────────────────────────────────────────────────────
    ../test-results/auth-Authentication-Flow-s-992ee-o-intended-page-after-login-firefox/video.webm
    ────────────────────────────────────────────────────────────────────────────────────────────────

    Error Context: ../test-results/auth-Authentication-Flow-s-992ee-o-intended-page-after-login-firefox/error-context.md
]]>
</failure>
<system-out>
<![CDATA[
[[ATTACHMENT|auth-Authentication-Flow-s-992ee-o-intended-page-after-login-firefox/test-failed-1.png]]

[[ATTACHMENT|auth-Authentication-Flow-s-992ee-o-intended-page-after-login-firefox/video.webm]]

[[ATTACHMENT|auth-Authentication-Flow-s-992ee-o-intended-page-after-login-firefox/error-context.md]]
]]>
</system-out>
</testcase>
<testcase name="Authentication Flow › should handle session timeout gracefully" classname="auth.spec.ts" time="4.253">
<failure message="auth.spec.ts:160:7 should handle session timeout gracefully" type="FAILURE">
<![CDATA[  [firefox] › auth.spec.ts:160:7 › Authentication Flow › should handle session timeout gracefully ──

    Error: page.goto: NS_BINDING_ABORTED; maybe frame was detached?
    Call log:
      - navigating to "http://localhost:3000/login", waiting until "load"


      160 |   test('should handle session timeout gracefully', async ({ page }) => {
      161 |     // Login first
    > 162 |     await page.goto('/login');
          |                ^
      163 |     await page
      164 |       .getByRole('textbox', { name: /email/i })
      165 |       .fill('test@cactuswealth.com');
        at /Users/prueba/Desktop/CactusDashboard/cactus-wealth-frontend/e2e/auth.spec.ts:162:16

    attachment #1: screenshot (image/png) ──────────────────────────────────────────────────────────
    ../test-results/auth-Authentication-Flow-s-93cd3--session-timeout-gracefully-firefox/test-failed-1.png
    ────────────────────────────────────────────────────────────────────────────────────────────────

    attachment #2: video (video/webm) ──────────────────────────────────────────────────────────────
    ../test-results/auth-Authentication-Flow-s-93cd3--session-timeout-gracefully-firefox/video.webm
    ────────────────────────────────────────────────────────────────────────────────────────────────

    Error Context: ../test-results/auth-Authentication-Flow-s-93cd3--session-timeout-gracefully-firefox/error-context.md
]]>
</failure>
<system-out>
<![CDATA[
[[ATTACHMENT|auth-Authentication-Flow-s-93cd3--session-timeout-gracefully-firefox/test-failed-1.png]]

[[ATTACHMENT|auth-Authentication-Flow-s-93cd3--session-timeout-gracefully-firefox/video.webm]]

[[ATTACHMENT|auth-Authentication-Flow-s-93cd3--session-timeout-gracefully-firefox/error-context.md]]
]]>
</system-out>
</testcase>
<testcase name="Authentication Flow › should show loading state during login" classname="auth.spec.ts" time="14.727">
<failure message="auth.spec.ts:193:7 should show loading state during login" type="FAILURE">
<![CDATA[  [firefox] › auth.spec.ts:193:7 › Authentication Flow › should show loading state during login ────

    TimeoutError: locator.fill: Timeout 10000ms exceeded.
    Call log:
      - waiting for getByRole('textbox', { name: /email/i })


      197 |     await page
      198 |       .getByRole('textbox', { name: /email/i })
    > 199 |       .fill('test@cactuswealth.com');
          |        ^
      200 |     await page
      201 |       .getByRole('textbox', { name: /password/i })
      202 |       .fill('testpassword123');
        at /Users/prueba/Desktop/CactusDashboard/cactus-wealth-frontend/e2e/auth.spec.ts:199:8

    attachment #1: screenshot (image/png) ──────────────────────────────────────────────────────────
    ../test-results/auth-Authentication-Flow-s-10cd4--loading-state-during-login-firefox/test-failed-1.png
    ────────────────────────────────────────────────────────────────────────────────────────────────

    attachment #2: video (video/webm) ──────────────────────────────────────────────────────────────
    ../test-results/auth-Authentication-Flow-s-10cd4--loading-state-during-login-firefox/video.webm
    ────────────────────────────────────────────────────────────────────────────────────────────────

    Error Context: ../test-results/auth-Authentication-Flow-s-10cd4--loading-state-during-login-firefox/error-context.md
]]>
</failure>
<system-out>
<![CDATA[
[[ATTACHMENT|auth-Authentication-Flow-s-10cd4--loading-state-during-login-firefox/test-failed-1.png]]

[[ATTACHMENT|auth-Authentication-Flow-s-10cd4--loading-state-during-login-firefox/video.webm]]

[[ATTACHMENT|auth-Authentication-Flow-s-10cd4--loading-state-during-login-firefox/error-context.md]]
]]>
</system-out>
</testcase>
<testcase name="Authentication Flow › should handle network errors during login" classname="auth.spec.ts" time="1.709">
<failure message="auth.spec.ts:221:7 should handle network errors during login" type="FAILURE">
<![CDATA[  [firefox] › auth.spec.ts:221:7 › Authentication Flow › should handle network errors during login ─

    Error: page.goto: NS_BINDING_ABORTED; maybe frame was detached?
    Call log:
      - navigating to "http://localhost:3000/login", waiting until "load"


      225 |     });
      226 |
    > 227 |     await page.goto('/login');
          |                ^
      228 |     await page
      229 |       .getByRole('textbox', { name: /email/i })
      230 |       .fill('test@cactuswealth.com');
        at /Users/prueba/Desktop/CactusDashboard/cactus-wealth-frontend/e2e/auth.spec.ts:227:16

    attachment #1: screenshot (image/png) ──────────────────────────────────────────────────────────
    ../test-results/auth-Authentication-Flow-s-078fe-network-errors-during-login-firefox/test-failed-1.png
    ────────────────────────────────────────────────────────────────────────────────────────────────

    attachment #2: video (video/webm) ──────────────────────────────────────────────────────────────
    ../test-results/auth-Authentication-Flow-s-078fe-network-errors-during-login-firefox/video.webm
    ────────────────────────────────────────────────────────────────────────────────────────────────

    Error Context: ../test-results/auth-Authentication-Flow-s-078fe-network-errors-during-login-firefox/error-context.md
]]>
</failure>
<system-out>
<![CDATA[
[[ATTACHMENT|auth-Authentication-Flow-s-078fe-network-errors-during-login-firefox/test-failed-1.png]]

[[ATTACHMENT|auth-Authentication-Flow-s-078fe-network-errors-during-login-firefox/video.webm]]

[[ATTACHMENT|auth-Authentication-Flow-s-078fe-network-errors-during-login-firefox/error-context.md]]
]]>
</system-out>
</testcase>
</testsuite>
<testsuite name="client-kanban.spec.ts" timestamp="2025-07-23T15:45:12.510Z" hostname="firefox" tests="1" failures="0" skipped="0" time="0.986" errors="0">
<testcase name="Client Kanban Flow › should add a client and move in Kanban" classname="client-kanban.spec.ts" time="0.986">
</testcase>
</testsuite>
<testsuite name="auth.spec.ts" timestamp="2025-07-23T15:45:12.510Z" hostname="webkit" tests="9" failures="9" skipped="0" time="44.823" errors="0">
<testcase name="Authentication Flow › should navigate to login page when not authenticated" classname="auth.spec.ts" time="4.77">
<failure message="auth.spec.ts:9:7 should navigate to login page when not authenticated" type="FAILURE">
<![CDATA[  [webkit] › auth.spec.ts:9:7 › Authentication Flow › should navigate to login page when not authenticated 

    Error: page.goto: Navigation to "http://localhost:3000/dashboard" is interrupted by another navigation to "http://localhost:3000/login"
    Call log:
      - navigating to "http://localhost:3000/dashboard", waiting until "load"


      11 |   }) => {
      12 |     // Try to access dashboard without authentication
    > 13 |     await page.goto('/dashboard');
         |                ^
      14 |
      15 |     // Should be redirected to login page
      16 |     await expect(page).toHaveURL(/.*login/);
        at /Users/prueba/Desktop/CactusDashboard/cactus-wealth-frontend/e2e/auth.spec.ts:13:16

    attachment #1: screenshot (image/png) ──────────────────────────────────────────────────────────
    ../test-results/auth-Authentication-Flow-s-33825-page-when-not-authenticated-webkit/test-failed-1.png
    ────────────────────────────────────────────────────────────────────────────────────────────────

    attachment #2: video (video/webm) ──────────────────────────────────────────────────────────────
    ../test-results/auth-Authentication-Flow-s-33825-page-when-not-authenticated-webkit/video.webm
    ────────────────────────────────────────────────────────────────────────────────────────────────

    Error Context: ../test-results/auth-Authentication-Flow-s-33825-page-when-not-authenticated-webkit/error-context.md
]]>
</failure>
<system-out>
<![CDATA[
[[ATTACHMENT|auth-Authentication-Flow-s-33825-page-when-not-authenticated-webkit/test-failed-1.png]]

[[ATTACHMENT|auth-Authentication-Flow-s-33825-page-when-not-authenticated-webkit/video.webm]]

[[ATTACHMENT|auth-Authentication-Flow-s-33825-page-when-not-authenticated-webkit/error-context.md]]
]]>
</system-out>
</testcase>
<testcase name="Authentication Flow › should show validation errors for invalid login" classname="auth.spec.ts" time="4.792">
<failure message="auth.spec.ts:27:7 should show validation errors for invalid login" type="FAILURE">
<![CDATA[  [webkit] › auth.spec.ts:27:7 › Authentication Flow › should show validation errors for invalid login 

    Error: page.goto: Navigation to "http://localhost:3000/login" is interrupted by another navigation to "http://localhost:3000/login"
    Call log:
      - navigating to "http://localhost:3000/login", waiting until "load"


      26 |
      27 |   test('should show validation errors for invalid login', async ({ page }) => {
    > 28 |     await page.goto('/login');
         |                ^
      29 |
      30 |     // Try to submit empty form
      31 |     await page.getByRole('button', { name: /sign in/i }).click();
        at /Users/prueba/Desktop/CactusDashboard/cactus-wealth-frontend/e2e/auth.spec.ts:28:16

    attachment #1: screenshot (image/png) ──────────────────────────────────────────────────────────
    ../test-results/auth-Authentication-Flow-s-72909-on-errors-for-invalid-login-webkit/test-failed-1.png
    ────────────────────────────────────────────────────────────────────────────────────────────────

    attachment #2: video (video/webm) ──────────────────────────────────────────────────────────────
    ../test-results/auth-Authentication-Flow-s-72909-on-errors-for-invalid-login-webkit/video.webm
    ────────────────────────────────────────────────────────────────────────────────────────────────

    Error Context: ../test-results/auth-Authentication-Flow-s-72909-on-errors-for-invalid-login-webkit/error-context.md
]]>
</failure>
<system-out>
<![CDATA[
[[ATTACHMENT|auth-Authentication-Flow-s-72909-on-errors-for-invalid-login-webkit/test-failed-1.png]]

[[ATTACHMENT|auth-Authentication-Flow-s-72909-on-errors-for-invalid-login-webkit/video.webm]]

[[ATTACHMENT|auth-Authentication-Flow-s-72909-on-errors-for-invalid-login-webkit/error-context.md]]
]]>
</system-out>
</testcase>
<testcase name="Authentication Flow › should perform successful login flow" classname="auth.spec.ts" time="2.81">
<failure message="auth.spec.ts:47:7 should perform successful login flow" type="FAILURE">
<![CDATA[  [webkit] › auth.spec.ts:47:7 › Authentication Flow › should perform successful login flow ────────

    Error: page.goto: Navigation to "http://localhost:3000/login" is interrupted by another navigation to "http://localhost:3000/login"
    Call log:
      - navigating to "http://localhost:3000/login", waiting until "load"


      46 |
      47 |   test('should perform successful login flow', async ({ page }) => {
    > 48 |     await page.goto('/login');
         |                ^
      49 |
      50 |     // Fill in valid credentials (adjust these based on your test data)
      51 |     await page
        at /Users/prueba/Desktop/CactusDashboard/cactus-wealth-frontend/e2e/auth.spec.ts:48:16

    attachment #1: screenshot (image/png) ──────────────────────────────────────────────────────────
    ../test-results/auth-Authentication-Flow-s-0f8c7-rform-successful-login-flow-webkit/test-failed-1.png
    ────────────────────────────────────────────────────────────────────────────────────────────────

    attachment #2: video (video/webm) ──────────────────────────────────────────────────────────────
    ../test-results/auth-Authentication-Flow-s-0f8c7-rform-successful-login-flow-webkit/video.webm
    ────────────────────────────────────────────────────────────────────────────────────────────────

    Error Context: ../test-results/auth-Authentication-Flow-s-0f8c7-rform-successful-login-flow-webkit/error-context.md
]]>
</failure>
<system-out>
<![CDATA[
[[ATTACHMENT|auth-Authentication-Flow-s-0f8c7-rform-successful-login-flow-webkit/test-failed-1.png]]

[[ATTACHMENT|auth-Authentication-Flow-s-0f8c7-rform-successful-login-flow-webkit/video.webm]]

[[ATTACHMENT|auth-Authentication-Flow-s-0f8c7-rform-successful-login-flow-webkit/error-context.md]]
]]>
</system-out>
</testcase>
<testcase name="Authentication Flow › should handle login with &quot;Remember Me&quot; option" classname="auth.spec.ts" time="5.38">
<failure message="auth.spec.ts:77:7 should handle login with &quot;Remember Me&quot; option" type="FAILURE">
<![CDATA[  [webkit] › auth.spec.ts:77:7 › Authentication Flow › should handle login with "Remember Me" option 

    Error: page.goto: Navigation to "http://localhost:3000/login" is interrupted by another navigation to "http://localhost:3000/login"
    Call log:
      - navigating to "http://localhost:3000/login", waiting until "load"


      76 |
      77 |   test('should handle login with "Remember Me" option', async ({ page }) => {
    > 78 |     await page.goto('/login');
         |                ^
      79 |
      80 |     // Check "Remember Me" checkbox if it exists
      81 |     const rememberMeCheckbox = page.getByRole('checkbox', {
        at /Users/prueba/Desktop/CactusDashboard/cactus-wealth-frontend/e2e/auth.spec.ts:78:16

    attachment #1: screenshot (image/png) ──────────────────────────────────────────────────────────
    ../test-results/auth-Authentication-Flow-s-9e549-gin-with-Remember-Me-option-webkit/test-failed-1.png
    ────────────────────────────────────────────────────────────────────────────────────────────────

    attachment #2: video (video/webm) ──────────────────────────────────────────────────────────────
    ../test-results/auth-Authentication-Flow-s-9e549-gin-with-Remember-Me-option-webkit/video.webm
    ────────────────────────────────────────────────────────────────────────────────────────────────

    Error Context: ../test-results/auth-Authentication-Flow-s-9e549-gin-with-Remember-Me-option-webkit/error-context.md
]]>
</failure>
<system-out>
<![CDATA[
[[ATTACHMENT|auth-Authentication-Flow-s-9e549-gin-with-Remember-Me-option-webkit/test-failed-1.png]]

[[ATTACHMENT|auth-Authentication-Flow-s-9e549-gin-with-Remember-Me-option-webkit/video.webm]]

[[ATTACHMENT|auth-Authentication-Flow-s-9e549-gin-with-Remember-Me-option-webkit/error-context.md]]
]]>
</system-out>
</testcase>
<testcase name="Authentication Flow › should handle logout functionality" classname="auth.spec.ts" time="5.393">
<failure message="auth.spec.ts:102:7 should handle logout functionality" type="FAILURE">
<![CDATA[  [webkit] › auth.spec.ts:102:7 › Authentication Flow › should handle logout functionality ─────────

    Error: page.goto: Navigation to "http://localhost:3000/login" is interrupted by another navigation to "http://localhost:3000/login"
    Call log:
      - navigating to "http://localhost:3000/login", waiting until "load"


      102 |   test('should handle logout functionality', async ({ page }) => {
      103 |     // First login
    > 104 |     await page.goto('/login');
          |                ^
      105 |     await page
      106 |       .getByRole('textbox', { name: /email/i })
      107 |       .fill('test@cactuswealth.com');
        at /Users/prueba/Desktop/CactusDashboard/cactus-wealth-frontend/e2e/auth.spec.ts:104:16

    attachment #1: screenshot (image/png) ──────────────────────────────────────────────────────────
    ../test-results/auth-Authentication-Flow-should-handle-logout-functionality-webkit/test-failed-1.png
    ────────────────────────────────────────────────────────────────────────────────────────────────

    attachment #2: video (video/webm) ──────────────────────────────────────────────────────────────
    ../test-results/auth-Authentication-Flow-should-handle-logout-functionality-webkit/video.webm
    ────────────────────────────────────────────────────────────────────────────────────────────────

    Error Context: ../test-results/auth-Authentication-Flow-should-handle-logout-functionality-webkit/error-context.md
]]>
</failure>
<system-out>
<![CDATA[
[[ATTACHMENT|auth-Authentication-Flow-should-handle-logout-functionality-webkit/test-failed-1.png]]

[[ATTACHMENT|auth-Authentication-Flow-should-handle-logout-functionality-webkit/video.webm]]

[[ATTACHMENT|auth-Authentication-Flow-should-handle-logout-functionality-webkit/error-context.md]]
]]>
</system-out>
</testcase>
<testcase name="Authentication Flow › should redirect to intended page after login" classname="auth.spec.ts" time="5.402">
<failure message="auth.spec.ts:140:7 should redirect to intended page after login" type="FAILURE">
<![CDATA[  [webkit] › auth.spec.ts:140:7 › Authentication Flow › should redirect to intended page after login 

    Error: page.goto: Navigation to "http://localhost:3000/dashboard/clients" is interrupted by another navigation to "http://localhost:3000/login"
    Call log:
      - navigating to "http://localhost:3000/dashboard/clients", waiting until "load"


      140 |   test('should redirect to intended page after login', async ({ page }) => {
      141 |     // Try to access a specific protected page
    > 142 |     await page.goto('/dashboard/clients');
          |                ^
      143 |
      144 |     // Should be redirected to login
      145 |     await expect(page).toHaveURL(/.*login/);
        at /Users/prueba/Desktop/CactusDashboard/cactus-wealth-frontend/e2e/auth.spec.ts:142:16

    attachment #1: screenshot (image/png) ──────────────────────────────────────────────────────────
    ../test-results/auth-Authentication-Flow-s-992ee-o-intended-page-after-login-webkit/test-failed-1.png
    ────────────────────────────────────────────────────────────────────────────────────────────────

    attachment #2: video (video/webm) ──────────────────────────────────────────────────────────────
    ../test-results/auth-Authentication-Flow-s-992ee-o-intended-page-after-login-webkit/video.webm
    ────────────────────────────────────────────────────────────────────────────────────────────────

    Error Context: ../test-results/auth-Authentication-Flow-s-992ee-o-intended-page-after-login-webkit/error-context.md
]]>
</failure>
<system-out>
<![CDATA[
[[ATTACHMENT|auth-Authentication-Flow-s-992ee-o-intended-page-after-login-webkit/test-failed-1.png]]

[[ATTACHMENT|auth-Authentication-Flow-s-992ee-o-intended-page-after-login-webkit/video.webm]]

[[ATTACHMENT|auth-Authentication-Flow-s-992ee-o-intended-page-after-login-webkit/error-context.md]]
]]>
</system-out>
</testcase>
<testcase name="Authentication Flow › should handle session timeout gracefully" classname="auth.spec.ts" time="7.929">
<failure message="auth.spec.ts:160:7 should handle session timeout gracefully" type="FAILURE">
<![CDATA[  [webkit] › auth.spec.ts:160:7 › Authentication Flow › should handle session timeout gracefully ───

    Error: page.goto: Navigation to "http://localhost:3000/login" is interrupted by another navigation to "http://localhost:3000/login"
    Call log:
      - navigating to "http://localhost:3000/login", waiting until "load"


      160 |   test('should handle session timeout gracefully', async ({ page }) => {
      161 |     // Login first
    > 162 |     await page.goto('/login');
          |                ^
      163 |     await page
      164 |       .getByRole('textbox', { name: /email/i })
      165 |       .fill('test@cactuswealth.com');
        at /Users/prueba/Desktop/CactusDashboard/cactus-wealth-frontend/e2e/auth.spec.ts:162:16

    attachment #1: screenshot (image/png) ──────────────────────────────────────────────────────────
    ../test-results/auth-Authentication-Flow-s-93cd3--session-timeout-gracefully-webkit/test-failed-1.png
    ────────────────────────────────────────────────────────────────────────────────────────────────

    attachment #2: video (video/webm) ──────────────────────────────────────────────────────────────
    ../test-results/auth-Authentication-Flow-s-93cd3--session-timeout-gracefully-webkit/video.webm
    ────────────────────────────────────────────────────────────────────────────────────────────────

    Error Context: ../test-results/auth-Authentication-Flow-s-93cd3--session-timeout-gracefully-webkit/error-context.md
]]>
</failure>
<system-out>
<![CDATA[
[[ATTACHMENT|auth-Authentication-Flow-s-93cd3--session-timeout-gracefully-webkit/test-failed-1.png]]

[[ATTACHMENT|auth-Authentication-Flow-s-93cd3--session-timeout-gracefully-webkit/video.webm]]

[[ATTACHMENT|auth-Authentication-Flow-s-93cd3--session-timeout-gracefully-webkit/error-context.md]]
]]>
</system-out>
</testcase>
<testcase name="Authentication Flow › should show loading state during login" classname="auth.spec.ts" time="4.187">
<failure message="auth.spec.ts:193:7 should show loading state during login" type="FAILURE">
<![CDATA[  [webkit] › auth.spec.ts:193:7 › Authentication Flow › should show loading state during login ─────

    Error: page.goto: Navigation to "http://localhost:3000/login" is interrupted by another navigation to "http://localhost:3000/login"
    Call log:
      - navigating to "http://localhost:3000/login", waiting until "load"


      192 |
      193 |   test('should show loading state during login', async ({ page }) => {
    > 194 |     await page.goto('/login');
          |                ^
      195 |
      196 |     // Fill credentials
      197 |     await page
        at /Users/prueba/Desktop/CactusDashboard/cactus-wealth-frontend/e2e/auth.spec.ts:194:16

    attachment #1: screenshot (image/png) ──────────────────────────────────────────────────────────
    ../test-results/auth-Authentication-Flow-s-10cd4--loading-state-during-login-webkit/test-failed-1.png
    ────────────────────────────────────────────────────────────────────────────────────────────────

    attachment #2: video (video/webm) ──────────────────────────────────────────────────────────────
    ../test-results/auth-Authentication-Flow-s-10cd4--loading-state-during-login-webkit/video.webm
    ────────────────────────────────────────────────────────────────────────────────────────────────

    Error Context: ../test-results/auth-Authentication-Flow-s-10cd4--loading-state-during-login-webkit/error-context.md
]]>
</failure>
<system-out>
<![CDATA[
[[ATTACHMENT|auth-Authentication-Flow-s-10cd4--loading-state-during-login-webkit/test-failed-1.png]]

[[ATTACHMENT|auth-Authentication-Flow-s-10cd4--loading-state-during-login-webkit/video.webm]]

[[ATTACHMENT|auth-Authentication-Flow-s-10cd4--loading-state-during-login-webkit/error-context.md]]
]]>
</system-out>
</testcase>
<testcase name="Authentication Flow › should handle network errors during login" classname="auth.spec.ts" time="4.16">
<failure message="auth.spec.ts:221:7 should handle network errors during login" type="FAILURE">
<![CDATA[  [webkit] › auth.spec.ts:221:7 › Authentication Flow › should handle network errors during login ──

    Error: page.goto: Navigation to "http://localhost:3000/login" is interrupted by another navigation to "http://localhost:3000/login"
    Call log:
      - navigating to "http://localhost:3000/login", waiting until "load"


      225 |     });
      226 |
    > 227 |     await page.goto('/login');
          |                ^
      228 |     await page
      229 |       .getByRole('textbox', { name: /email/i })
      230 |       .fill('test@cactuswealth.com');
        at /Users/prueba/Desktop/CactusDashboard/cactus-wealth-frontend/e2e/auth.spec.ts:227:16

    attachment #1: screenshot (image/png) ──────────────────────────────────────────────────────────
    ../test-results/auth-Authentication-Flow-s-078fe-network-errors-during-login-webkit/test-failed-1.png
    ────────────────────────────────────────────────────────────────────────────────────────────────

    attachment #2: video (video/webm) ──────────────────────────────────────────────────────────────
    ../test-results/auth-Authentication-Flow-s-078fe-network-errors-during-login-webkit/video.webm
    ────────────────────────────────────────────────────────────────────────────────────────────────

    Error Context: ../test-results/auth-Authentication-Flow-s-078fe-network-errors-during-login-webkit/error-context.md
]]>
</failure>
<system-out>
<![CDATA[
[[ATTACHMENT|auth-Authentication-Flow-s-078fe-network-errors-during-login-webkit/test-failed-1.png]]

[[ATTACHMENT|auth-Authentication-Flow-s-078fe-network-errors-during-login-webkit/video.webm]]

[[ATTACHMENT|auth-Authentication-Flow-s-078fe-network-errors-during-login-webkit/error-context.md]]
]]>
</system-out>
</testcase>
</testsuite>
<testsuite name="client-kanban.spec.ts" timestamp="2025-07-23T15:45:12.510Z" hostname="webkit" tests="1" failures="0" skipped="0" time="0.963" errors="0">
<testcase name="Client Kanban Flow › should add a client and move in Kanban" classname="client-kanban.spec.ts" time="0.963">
</testcase>
</testsuite>
<testsuite name="auth.spec.ts" timestamp="2025-07-23T15:45:12.510Z" hostname="Mobile Chrome" tests="9" failures="9" skipped="0" time="91.316" errors="0">
<testcase name="Authentication Flow › should navigate to login page when not authenticated" classname="auth.spec.ts" time="7.939">
<failure message="auth.spec.ts:9:7 should navigate to login page when not authenticated" type="FAILURE">
<![CDATA[  [Mobile Chrome] › auth.spec.ts:9:7 › Authentication Flow › should navigate to login page when not authenticated 

    Error: Timed out 5000ms waiting for expect(locator).toBeVisible()

    Locator: getByRole('heading', { name: /login/i })
    Expected: visible
    Received: <element(s) not found>
    Call log:
      - Expect "toBeVisible" with timeout 5000ms
      - waiting for getByRole('heading', { name: /login/i })


      17 |
      18 |     // Verify login page elements are present
    > 19 |     await expect(page.getByRole('heading', { name: /login/i })).toBeVisible();
         |                                                                 ^
      20 |     await expect(page.getByRole('textbox', { name: /email/i })).toBeVisible();
      21 |     await expect(
      22 |       page.getByRole('textbox', { name: /password/i })
        at /Users/prueba/Desktop/CactusDashboard/cactus-wealth-frontend/e2e/auth.spec.ts:19:65

    attachment #1: screenshot (image/png) ──────────────────────────────────────────────────────────
    ../test-results/auth-Authentication-Flow-s-33825-page-when-not-authenticated-Mobile-Chrome/test-failed-1.png
    ────────────────────────────────────────────────────────────────────────────────────────────────

    attachment #2: video (video/webm) ──────────────────────────────────────────────────────────────
    ../test-results/auth-Authentication-Flow-s-33825-page-when-not-authenticated-Mobile-Chrome/video.webm
    ────────────────────────────────────────────────────────────────────────────────────────────────

    Error Context: ../test-results/auth-Authentication-Flow-s-33825-page-when-not-authenticated-Mobile-Chrome/error-context.md
]]>
</failure>
<system-out>
<![CDATA[
[[ATTACHMENT|auth-Authentication-Flow-s-33825-page-when-not-authenticated-Mobile-Chrome/test-failed-1.png]]

[[ATTACHMENT|auth-Authentication-Flow-s-33825-page-when-not-authenticated-Mobile-Chrome/video.webm]]

[[ATTACHMENT|auth-Authentication-Flow-s-33825-page-when-not-authenticated-Mobile-Chrome/error-context.md]]
]]>
</system-out>
</testcase>
<testcase name="Authentication Flow › should show validation errors for invalid login" classname="auth.spec.ts" time="7.123">
<failure message="auth.spec.ts:27:7 should show validation errors for invalid login" type="FAILURE">
<![CDATA[  [Mobile Chrome] › auth.spec.ts:27:7 › Authentication Flow › should show validation errors for invalid login 

    Error: Timed out 5000ms waiting for expect(locator).toBeVisible()

    Locator: getByText(/email is required/i)
    Expected: visible
    Received: <element(s) not found>
    Call log:
      - Expect "toBeVisible" with timeout 5000ms
      - waiting for getByText(/email is required/i)


      32 |
      33 |     // Should show validation errors
    > 34 |     await expect(page.getByText(/email is required/i)).toBeVisible();
         |                                                        ^
      35 |     await expect(page.getByText(/password is required/i)).toBeVisible();
      36 |
      37 |     // Try with invalid email format
        at /Users/prueba/Desktop/CactusDashboard/cactus-wealth-frontend/e2e/auth.spec.ts:34:56

    attachment #1: screenshot (image/png) ──────────────────────────────────────────────────────────
    ../test-results/auth-Authentication-Flow-s-72909-on-errors-for-invalid-login-Mobile-Chrome/test-failed-1.png
    ────────────────────────────────────────────────────────────────────────────────────────────────

    attachment #2: video (video/webm) ──────────────────────────────────────────────────────────────
    ../test-results/auth-Authentication-Flow-s-72909-on-errors-for-invalid-login-Mobile-Chrome/video.webm
    ────────────────────────────────────────────────────────────────────────────────────────────────

    Error Context: ../test-results/auth-Authentication-Flow-s-72909-on-errors-for-invalid-login-Mobile-Chrome/error-context.md
]]>
</failure>
<system-out>
<![CDATA[
[[ATTACHMENT|auth-Authentication-Flow-s-72909-on-errors-for-invalid-login-Mobile-Chrome/test-failed-1.png]]

[[ATTACHMENT|auth-Authentication-Flow-s-72909-on-errors-for-invalid-login-Mobile-Chrome/video.webm]]

[[ATTACHMENT|auth-Authentication-Flow-s-72909-on-errors-for-invalid-login-Mobile-Chrome/error-context.md]]
]]>
</system-out>
</testcase>
<testcase name="Authentication Flow › should perform successful login flow" classname="auth.spec.ts" time="11.932">
<failure message="auth.spec.ts:47:7 should perform successful login flow" type="FAILURE">
<![CDATA[  [Mobile Chrome] › auth.spec.ts:47:7 › Authentication Flow › should perform successful login flow ─

    TimeoutError: locator.fill: Timeout 10000ms exceeded.
    Call log:
      - waiting for getByRole('textbox', { name: /email/i })


      51 |     await page
      52 |       .getByRole('textbox', { name: /email/i })
    > 53 |       .fill('test@cactuswealth.com');
         |        ^
      54 |     await page
      55 |       .getByRole('textbox', { name: /password/i })
      56 |       .fill('testpassword123');
        at /Users/prueba/Desktop/CactusDashboard/cactus-wealth-frontend/e2e/auth.spec.ts:53:8

    attachment #1: screenshot (image/png) ──────────────────────────────────────────────────────────
    ../test-results/auth-Authentication-Flow-s-0f8c7-rform-successful-login-flow-Mobile-Chrome/test-failed-1.png
    ────────────────────────────────────────────────────────────────────────────────────────────────

    attachment #2: video (video/webm) ──────────────────────────────────────────────────────────────
    ../test-results/auth-Authentication-Flow-s-0f8c7-rform-successful-login-flow-Mobile-Chrome/video.webm
    ────────────────────────────────────────────────────────────────────────────────────────────────

    Error Context: ../test-results/auth-Authentication-Flow-s-0f8c7-rform-successful-login-flow-Mobile-Chrome/error-context.md
]]>
</failure>
<system-out>
<![CDATA[
[[ATTACHMENT|auth-Authentication-Flow-s-0f8c7-rform-successful-login-flow-Mobile-Chrome/test-failed-1.png]]

[[ATTACHMENT|auth-Authentication-Flow-s-0f8c7-rform-successful-login-flow-Mobile-Chrome/video.webm]]

[[ATTACHMENT|auth-Authentication-Flow-s-0f8c7-rform-successful-login-flow-Mobile-Chrome/error-context.md]]
]]>
</system-out>
</testcase>
<testcase name="Authentication Flow › should handle login with &quot;Remember Me&quot; option" classname="auth.spec.ts" time="11.97">
<failure message="auth.spec.ts:77:7 should handle login with &quot;Remember Me&quot; option" type="FAILURE">
<![CDATA[  [Mobile Chrome] › auth.spec.ts:77:7 › Authentication Flow › should handle login with "Remember Me" option 

    TimeoutError: locator.fill: Timeout 10000ms exceeded.
    Call log:
      - waiting for getByRole('textbox', { name: /email/i })


      90 |     await page
      91 |       .getByRole('textbox', { name: /email/i })
    > 92 |       .fill('test@cactuswealth.com');
         |        ^
      93 |     await page
      94 |       .getByRole('textbox', { name: /password/i })
      95 |       .fill('testpassword123');
        at /Users/prueba/Desktop/CactusDashboard/cactus-wealth-frontend/e2e/auth.spec.ts:92:8

    attachment #1: screenshot (image/png) ──────────────────────────────────────────────────────────
    ../test-results/auth-Authentication-Flow-s-9e549-gin-with-Remember-Me-option-Mobile-Chrome/test-failed-1.png
    ────────────────────────────────────────────────────────────────────────────────────────────────

    attachment #2: video (video/webm) ──────────────────────────────────────────────────────────────
    ../test-results/auth-Authentication-Flow-s-9e549-gin-with-Remember-Me-option-Mobile-Chrome/video.webm
    ────────────────────────────────────────────────────────────────────────────────────────────────

    Error Context: ../test-results/auth-Authentication-Flow-s-9e549-gin-with-Remember-Me-option-Mobile-Chrome/error-context.md
]]>
</failure>
<system-out>
<![CDATA[
[[ATTACHMENT|auth-Authentication-Flow-s-9e549-gin-with-Remember-Me-option-Mobile-Chrome/test-failed-1.png]]

[[ATTACHMENT|auth-Authentication-Flow-s-9e549-gin-with-Remember-Me-option-Mobile-Chrome/video.webm]]

[[ATTACHMENT|auth-Authentication-Flow-s-9e549-gin-with-Remember-Me-option-Mobile-Chrome/error-context.md]]
]]>
</system-out>
</testcase>
<testcase name="Authentication Flow › should handle logout functionality" classname="auth.spec.ts" time="11.132">
<failure message="auth.spec.ts:102:7 should handle logout functionality" type="FAILURE">
<![CDATA[  [Mobile Chrome] › auth.spec.ts:102:7 › Authentication Flow › should handle logout functionality ──

    TimeoutError: locator.fill: Timeout 10000ms exceeded.
    Call log:
      - waiting for getByRole('textbox', { name: /email/i })


      105 |     await page
      106 |       .getByRole('textbox', { name: /email/i })
    > 107 |       .fill('test@cactuswealth.com');
          |        ^
      108 |     await page
      109 |       .getByRole('textbox', { name: /password/i })
      110 |       .fill('testpassword123');
        at /Users/prueba/Desktop/CactusDashboard/cactus-wealth-frontend/e2e/auth.spec.ts:107:8

    attachment #1: screenshot (image/png) ──────────────────────────────────────────────────────────
    ../test-results/auth-Authentication-Flow-should-handle-logout-functionality-Mobile-Chrome/test-failed-1.png
    ────────────────────────────────────────────────────────────────────────────────────────────────

    attachment #2: video (video/webm) ──────────────────────────────────────────────────────────────
    ../test-results/auth-Authentication-Flow-should-handle-logout-functionality-Mobile-Chrome/video.webm
    ────────────────────────────────────────────────────────────────────────────────────────────────

    Error Context: ../test-results/auth-Authentication-Flow-should-handle-logout-functionality-Mobile-Chrome/error-context.md
]]>
</failure>
<system-out>
<![CDATA[
[[ATTACHMENT|auth-Authentication-Flow-should-handle-logout-functionality-Mobile-Chrome/test-failed-1.png]]

[[ATTACHMENT|auth-Authentication-Flow-should-handle-logout-functionality-Mobile-Chrome/video.webm]]

[[ATTACHMENT|auth-Authentication-Flow-should-handle-logout-functionality-Mobile-Chrome/error-context.md]]
]]>
</system-out>
</testcase>
<testcase name="Authentication Flow › should redirect to intended page after login" classname="auth.spec.ts" time="6.024">
<failure message="auth.spec.ts:140:7 should redirect to intended page after login" type="FAILURE">
<![CDATA[  [Mobile Chrome] › auth.spec.ts:140:7 › Authentication Flow › should redirect to intended page after login 

    Error: Timed out 5000ms waiting for expect(page).toHaveURL(expected)

    Expected pattern: /.*login/
    Received string:  "http://localhost:3000/dashboard/clients"
    Call log:
      - Expect "toHaveURL" with timeout 5000ms
        8 × unexpected value "http://localhost:3000/dashboard/clients"


      143 |
      144 |     // Should be redirected to login
    > 145 |     await expect(page).toHaveURL(/.*login/);
          |                        ^
      146 |
      147 |     // Login
      148 |     await page
        at /Users/prueba/Desktop/CactusDashboard/cactus-wealth-frontend/e2e/auth.spec.ts:145:24

    attachment #1: screenshot (image/png) ──────────────────────────────────────────────────────────
    ../test-results/auth-Authentication-Flow-s-992ee-o-intended-page-after-login-Mobile-Chrome/test-failed-1.png
    ────────────────────────────────────────────────────────────────────────────────────────────────

    attachment #2: video (video/webm) ──────────────────────────────────────────────────────────────
    ../test-results/auth-Authentication-Flow-s-992ee-o-intended-page-after-login-Mobile-Chrome/video.webm
    ────────────────────────────────────────────────────────────────────────────────────────────────

    Error Context: ../test-results/auth-Authentication-Flow-s-992ee-o-intended-page-after-login-Mobile-Chrome/error-context.md
]]>
</failure>
<system-out>
<![CDATA[
[[ATTACHMENT|auth-Authentication-Flow-s-992ee-o-intended-page-after-login-Mobile-Chrome/test-failed-1.png]]

[[ATTACHMENT|auth-Authentication-Flow-s-992ee-o-intended-page-after-login-Mobile-Chrome/video.webm]]

[[ATTACHMENT|auth-Authentication-Flow-s-992ee-o-intended-page-after-login-Mobile-Chrome/error-context.md]]
]]>
</system-out>
</testcase>
<testcase name="Authentication Flow › should handle session timeout gracefully" classname="auth.spec.ts" time="12.011">
<failure message="auth.spec.ts:160:7 should handle session timeout gracefully" type="FAILURE">
<![CDATA[  [Mobile Chrome] › auth.spec.ts:160:7 › Authentication Flow › should handle session timeout gracefully 

    TimeoutError: locator.fill: Timeout 10000ms exceeded.
    Call log:
      - waiting for getByRole('textbox', { name: /email/i })


      163 |     await page
      164 |       .getByRole('textbox', { name: /email/i })
    > 165 |       .fill('test@cactuswealth.com');
          |        ^
      166 |     await page
      167 |       .getByRole('textbox', { name: /password/i })
      168 |       .fill('testpassword123');
        at /Users/prueba/Desktop/CactusDashboard/cactus-wealth-frontend/e2e/auth.spec.ts:165:8

    attachment #1: screenshot (image/png) ──────────────────────────────────────────────────────────
    ../test-results/auth-Authentication-Flow-s-93cd3--session-timeout-gracefully-Mobile-Chrome/test-failed-1.png
    ────────────────────────────────────────────────────────────────────────────────────────────────

    attachment #2: video (video/webm) ──────────────────────────────────────────────────────────────
    ../test-results/auth-Authentication-Flow-s-93cd3--session-timeout-gracefully-Mobile-Chrome/video.webm
    ────────────────────────────────────────────────────────────────────────────────────────────────

    Error Context: ../test-results/auth-Authentication-Flow-s-93cd3--session-timeout-gracefully-Mobile-Chrome/error-context.md
]]>
</failure>
<system-out>
<![CDATA[
[[ATTACHMENT|auth-Authentication-Flow-s-93cd3--session-timeout-gracefully-Mobile-Chrome/test-failed-1.png]]

[[ATTACHMENT|auth-Authentication-Flow-s-93cd3--session-timeout-gracefully-Mobile-Chrome/video.webm]]

[[ATTACHMENT|auth-Authentication-Flow-s-93cd3--session-timeout-gracefully-Mobile-Chrome/error-context.md]]
]]>
</system-out>
</testcase>
<testcase name="Authentication Flow › should show loading state during login" classname="auth.spec.ts" time="12.074">
<failure message="auth.spec.ts:193:7 should show loading state during login" type="FAILURE">
<![CDATA[  [Mobile Chrome] › auth.spec.ts:193:7 › Authentication Flow › should show loading state during login 

    TimeoutError: locator.fill: Timeout 10000ms exceeded.
    Call log:
      - waiting for getByRole('textbox', { name: /email/i })


      197 |     await page
      198 |       .getByRole('textbox', { name: /email/i })
    > 199 |       .fill('test@cactuswealth.com');
          |        ^
      200 |     await page
      201 |       .getByRole('textbox', { name: /password/i })
      202 |       .fill('testpassword123');
        at /Users/prueba/Desktop/CactusDashboard/cactus-wealth-frontend/e2e/auth.spec.ts:199:8

    attachment #1: screenshot (image/png) ──────────────────────────────────────────────────────────
    ../test-results/auth-Authentication-Flow-s-10cd4--loading-state-during-login-Mobile-Chrome/test-failed-1.png
    ────────────────────────────────────────────────────────────────────────────────────────────────

    attachment #2: video (video/webm) ──────────────────────────────────────────────────────────────
    ../test-results/auth-Authentication-Flow-s-10cd4--loading-state-during-login-Mobile-Chrome/video.webm
    ────────────────────────────────────────────────────────────────────────────────────────────────

    Error Context: ../test-results/auth-Authentication-Flow-s-10cd4--loading-state-during-login-Mobile-Chrome/error-context.md
]]>
</failure>
<system-out>
<![CDATA[
[[ATTACHMENT|auth-Authentication-Flow-s-10cd4--loading-state-during-login-Mobile-Chrome/test-failed-1.png]]

[[ATTACHMENT|auth-Authentication-Flow-s-10cd4--loading-state-during-login-Mobile-Chrome/video.webm]]

[[ATTACHMENT|auth-Authentication-Flow-s-10cd4--loading-state-during-login-Mobile-Chrome/error-context.md]]
]]>
</system-out>
</testcase>
<testcase name="Authentication Flow › should handle network errors during login" classname="auth.spec.ts" time="11.111">
<failure message="auth.spec.ts:221:7 should handle network errors during login" type="FAILURE">
<![CDATA[  [Mobile Chrome] › auth.spec.ts:221:7 › Authentication Flow › should handle network errors during login 

    TimeoutError: locator.fill: Timeout 10000ms exceeded.
    Call log:
      - waiting for getByRole('textbox', { name: /email/i })


      228 |     await page
      229 |       .getByRole('textbox', { name: /email/i })
    > 230 |       .fill('test@cactuswealth.com');
          |        ^
      231 |     await page
      232 |       .getByRole('textbox', { name: /password/i })
      233 |       .fill('testpassword123');
        at /Users/prueba/Desktop/CactusDashboard/cactus-wealth-frontend/e2e/auth.spec.ts:230:8

    attachment #1: screenshot (image/png) ──────────────────────────────────────────────────────────
    ../test-results/auth-Authentication-Flow-s-078fe-network-errors-during-login-Mobile-Chrome/test-failed-1.png
    ────────────────────────────────────────────────────────────────────────────────────────────────

    attachment #2: video (video/webm) ──────────────────────────────────────────────────────────────
    ../test-results/auth-Authentication-Flow-s-078fe-network-errors-during-login-Mobile-Chrome/video.webm
    ────────────────────────────────────────────────────────────────────────────────────────────────

    Error Context: ../test-results/auth-Authentication-Flow-s-078fe-network-errors-during-login-Mobile-Chrome/error-context.md
]]>
</failure>
<system-out>
<![CDATA[
[[ATTACHMENT|auth-Authentication-Flow-s-078fe-network-errors-during-login-Mobile-Chrome/test-failed-1.png]]

[[ATTACHMENT|auth-Authentication-Flow-s-078fe-network-errors-during-login-Mobile-Chrome/video.webm]]

[[ATTACHMENT|auth-Authentication-Flow-s-078fe-network-errors-during-login-Mobile-Chrome/error-context.md]]
]]>
</system-out>
</testcase>
</testsuite>
<testsuite name="client-kanban.spec.ts" timestamp="2025-07-23T15:45:12.510Z" hostname="Mobile Chrome" tests="1" failures="0" skipped="0" time="0.148" errors="0">
<testcase name="Client Kanban Flow › should add a client and move in Kanban" classname="client-kanban.spec.ts" time="0.148">
</testcase>
</testsuite>
<testsuite name="auth.spec.ts" timestamp="2025-07-23T15:45:12.510Z" hostname="Mobile Safari" tests="9" failures="9" skipped="0" time="39.458" errors="0">
<testcase name="Authentication Flow › should navigate to login page when not authenticated" classname="auth.spec.ts" time="7.24">
<failure message="auth.spec.ts:9:7 should navigate to login page when not authenticated" type="FAILURE">
<![CDATA[  [Mobile Safari] › auth.spec.ts:9:7 › Authentication Flow › should navigate to login page when not authenticated 

    Error: Timed out 5000ms waiting for expect(locator).toBeVisible()

    Locator: getByRole('heading', { name: /login/i })
    Expected: visible
    Received: <element(s) not found>
    Call log:
      - Expect "toBeVisible" with timeout 5000ms
      - waiting for getByRole('heading', { name: /login/i })


      17 |
      18 |     // Verify login page elements are present
    > 19 |     await expect(page.getByRole('heading', { name: /login/i })).toBeVisible();
         |                                                                 ^
      20 |     await expect(page.getByRole('textbox', { name: /email/i })).toBeVisible();
      21 |     await expect(
      22 |       page.getByRole('textbox', { name: /password/i })
        at /Users/prueba/Desktop/CactusDashboard/cactus-wealth-frontend/e2e/auth.spec.ts:19:65

    attachment #1: screenshot (image/png) ──────────────────────────────────────────────────────────
    ../test-results/auth-Authentication-Flow-s-33825-page-when-not-authenticated-Mobile-Safari/test-failed-1.png
    ────────────────────────────────────────────────────────────────────────────────────────────────

    attachment #2: video (video/webm) ──────────────────────────────────────────────────────────────
    ../test-results/auth-Authentication-Flow-s-33825-page-when-not-authenticated-Mobile-Safari/video.webm
    ────────────────────────────────────────────────────────────────────────────────────────────────

    Error Context: ../test-results/auth-Authentication-Flow-s-33825-page-when-not-authenticated-Mobile-Safari/error-context.md
]]>
</failure>
<system-out>
<![CDATA[
[[ATTACHMENT|auth-Authentication-Flow-s-33825-page-when-not-authenticated-Mobile-Safari/test-failed-1.png]]

[[ATTACHMENT|auth-Authentication-Flow-s-33825-page-when-not-authenticated-Mobile-Safari/video.webm]]

[[ATTACHMENT|auth-Authentication-Flow-s-33825-page-when-not-authenticated-Mobile-Safari/error-context.md]]
]]>
</system-out>
</testcase>
<testcase name="Authentication Flow › should show validation errors for invalid login" classname="auth.spec.ts" time="4.024">
<failure message="auth.spec.ts:27:7 should show validation errors for invalid login" type="FAILURE">
<![CDATA[  [Mobile Safari] › auth.spec.ts:27:7 › Authentication Flow › should show validation errors for invalid login 

    Error: page.goto: Navigation to "http://localhost:3000/login" is interrupted by another navigation to "http://localhost:3000/login"
    Call log:
      - navigating to "http://localhost:3000/login", waiting until "load"


      26 |
      27 |   test('should show validation errors for invalid login', async ({ page }) => {
    > 28 |     await page.goto('/login');
         |                ^
      29 |
      30 |     // Try to submit empty form
      31 |     await page.getByRole('button', { name: /sign in/i }).click();
        at /Users/prueba/Desktop/CactusDashboard/cactus-wealth-frontend/e2e/auth.spec.ts:28:16

    attachment #1: screenshot (image/png) ──────────────────────────────────────────────────────────
    ../test-results/auth-Authentication-Flow-s-72909-on-errors-for-invalid-login-Mobile-Safari/test-failed-1.png
    ────────────────────────────────────────────────────────────────────────────────────────────────

    attachment #2: video (video/webm) ──────────────────────────────────────────────────────────────
    ../test-results/auth-Authentication-Flow-s-72909-on-errors-for-invalid-login-Mobile-Safari/video.webm
    ────────────────────────────────────────────────────────────────────────────────────────────────

    Error Context: ../test-results/auth-Authentication-Flow-s-72909-on-errors-for-invalid-login-Mobile-Safari/error-context.md
]]>
</failure>
<system-out>
<![CDATA[
[[ATTACHMENT|auth-Authentication-Flow-s-72909-on-errors-for-invalid-login-Mobile-Safari/test-failed-1.png]]

[[ATTACHMENT|auth-Authentication-Flow-s-72909-on-errors-for-invalid-login-Mobile-Safari/video.webm]]

[[ATTACHMENT|auth-Authentication-Flow-s-72909-on-errors-for-invalid-login-Mobile-Safari/error-context.md]]
]]>
</system-out>
</testcase>
[...]

    Error: page.goto: Navigation to "http://localhost:3000/dashboard/clients" is interrupted by another navigation to "http://localhost:3000/login"
    Call log:
      - navigating to "http://localhost:3000/dashboard/clients", waiting until "load"


      140 |   test('should redirect to intended page after login', async ({ page }) => {
      141 |     // Try to access a specific protected page
    > 142 |     await page.goto('/dashboard/clients');
          |                ^
      143 |
      144 |     // Should be redirected to login
      145 |     await expect(page).toHaveURL(/.*login/);
        at /Users/prueba/Desktop/CactusDashboard/cactus-wealth-frontend/e2e/auth.spec.ts:142:16

    attachment #1: screenshot (image/png) ──────────────────────────────────────────────────────────
    ../test-results/auth-Authentication-Flow-s-992ee-o-intended-page-after-login-Mobile-Safari/test-failed-1.png
    ────────────────────────────────────────────────────────────────────────────────────────────────

    attachment #2: video (video/webm) ──────────────────────────────────────────────────────────────
    ../test-results/auth-Authentication-Flow-s-992ee-o-intended-page-after-login-Mobile-Safari/video.webm
    ────────────────────────────────────────────────────────────────────────────────────────────────

    Error Context: ../test-results/auth-Authentication-Flow-s-992ee-o-intended-page-after-login-Mobile-Safari/error-context.md
]]>
</failure>
<system-out>
<![CDATA[
[[ATTACHMENT|auth-Authentication-Flow-s-992ee-o-intended-page-after-login-Mobile-Safari/test-failed-1.png]]

[[ATTACHMENT|auth-Authentication-Flow-s-992ee-o-intended-page-after-login-Mobile-Safari/video.webm]]

[[ATTACHMENT|auth-Authentication-Flow-s-992ee-o-intended-page-after-login-Mobile-Safari/error-context.md]]
]]>
</system-out>
</testcase>
<testcase name="Authentication Flow › should handle session timeout gracefully" classname="auth.spec.ts" time="4.206">
<failure message="auth.spec.ts:160:7 should handle session timeout gracefully" type="FAILURE">
<![CDATA[  [Mobile Safari] › auth.spec.ts:160:7 › Authentication Flow › should handle session timeout gracefully 

    Error: page.goto: Navigation to "http://localhost:3000/login" is interrupted by another navigation to "http://localhost:3000/login"
    Call log:
      - navigating to "http://localhost:3000/login", waiting until "load"


      160 |   test('should handle session timeout gracefully', async ({ page }) => {
      161 |     // Login first
    > 162 |     await page.goto('/login');
          |                ^
      163 |     await page
      164 |       .getByRole('textbox', { name: /email/i })
      165 |       .fill('test@cactuswealth.com');
        at /Users/prueba/Desktop/CactusDashboard/cactus-wealth-frontend/e2e/auth.spec.ts:162:16

    attachment #1: screenshot (image/png) ──────────────────────────────────────────────────────────
    ../test-results/auth-Authentication-Flow-s-93cd3--session-timeout-gracefully-Mobile-Safari/test-failed-1.png
    ────────────────────────────────────────────────────────────────────────────────────────────────

    attachment #2: video (video/webm) ──────────────────────────────────────────────────────────────
    ../test-results/auth-Authentication-Flow-s-93cd3--session-timeout-gracefully-Mobile-Safari/video.webm
    ────────────────────────────────────────────────────────────────────────────────────────────────

    Error Context: ../test-results/auth-Authentication-Flow-s-93cd3--session-timeout-gracefully-Mobile-Safari/error-context.md
]]>
</failure>
<system-out>
<![CDATA[
[[ATTACHMENT|auth-Authentication-Flow-s-93cd3--session-timeout-gracefully-Mobile-Safari/test-failed-1.png]]

[[ATTACHMENT|auth-Authentication-Flow-s-93cd3--session-timeout-gracefully-Mobile-Safari/video.webm]]

[[ATTACHMENT|auth-Authentication-Flow-s-93cd3--session-timeout-gracefully-Mobile-Safari/error-context.md]]
]]>
</system-out>
</testcase>
<testcase name="Authentication Flow › should show loading state during login" classname="auth.spec.ts" time="4.237">
<failure message="auth.spec.ts:193:7 should show loading state during login" type="FAILURE">
<![CDATA[  [Mobile Safari] › auth.spec.ts:193:7 › Authentication Flow › should show loading state during login 

    Error: page.goto: Navigation to "http://localhost:3000/login" is interrupted by another navigation to "http://localhost:3000/login"
    Call log:
      - navigating to "http://localhost:3000/login", waiting until "load"


      192 |
      193 |   test('should show loading state during login', async ({ page }) => {
    > 194 |     await page.goto('/login');
          |                ^
      195 |
      196 |     // Fill credentials
      197 |     await page
        at /Users/prueba/Desktop/CactusDashboard/cactus-wealth-frontend/e2e/auth.spec.ts:194:16

    attachment #1: screenshot (image/png) ──────────────────────────────────────────────────────────
    ../test-results/auth-Authentication-Flow-s-10cd4--loading-state-during-login-Mobile-Safari/test-failed-1.png
    ────────────────────────────────────────────────────────────────────────────────────────────────

    attachment #2: video (video/webm) ──────────────────────────────────────────────────────────────
    ../test-results/auth-Authentication-Flow-s-10cd4--loading-state-during-login-Mobile-Safari/video.webm
    ────────────────────────────────────────────────────────────────────────────────────────────────

    Error Context: ../test-results/auth-Authentication-Flow-s-10cd4--loading-state-during-login-Mobile-Safari/error-context.md
]]>
</failure>
<system-out>
<![CDATA[
[[ATTACHMENT|auth-Authentication-Flow-s-10cd4--loading-state-during-login-Mobile-Safari/test-failed-1.png]]

[[ATTACHMENT|auth-Authentication-Flow-s-10cd4--loading-state-during-login-Mobile-Safari/video.webm]]

[[ATTACHMENT|auth-Authentication-Flow-s-10cd4--loading-state-during-login-Mobile-Safari/error-context.md]]
]]>
</system-out>
</testcase>
<testcase name="Authentication Flow › should handle network errors during login" classname="auth.spec.ts" time="4.251">
<failure message="auth.spec.ts:221:7 should handle network errors during login" type="FAILURE">
<![CDATA[  [Mobile Safari] › auth.spec.ts:221:7 › Authentication Flow › should handle network errors during login 

    Error: page.goto: Navigation to "http://localhost:3000/login" is interrupted by another navigation to "http://localhost:3000/login"
    Call log:
      - navigating to "http://localhost:3000/login", waiting until "load"


      225 |     });
      226 |
    > 227 |     await page.goto('/login');
          |                ^
      228 |     await page
      229 |       .getByRole('textbox', { name: /email/i })
      230 |       .fill('test@cactuswealth.com');
        at /Users/prueba/Desktop/CactusDashboard/cactus-wealth-frontend/e2e/auth.spec.ts:227:16

    attachment #1: screenshot (image/png) ──────────────────────────────────────────────────────────
    ../test-results/auth-Authentication-Flow-s-078fe-network-errors-during-login-Mobile-Safari/test-failed-1.png
    ────────────────────────────────────────────────────────────────────────────────────────────────

    attachment #2: video (video/webm) ──────────────────────────────────────────────────────────────
    ../test-results/auth-Authentication-Flow-s-078fe-network-errors-during-login-Mobile-Safari/video.webm
    ────────────────────────────────────────────────────────────────────────────────────────────────

    Error Context: ../test-results/auth-Authentication-Flow-s-078fe-network-errors-during-login-Mobile-Safari/error-context.md
]]>
</failure>
<system-out>
<![CDATA[
[[ATTACHMENT|auth-Authentication-Flow-s-078fe-network-errors-during-login-Mobile-Safari/test-failed-1.png]]

[[ATTACHMENT|auth-Authentication-Flow-s-078fe-network-errors-during-login-Mobile-Safari/video.webm]]

[[ATTACHMENT|auth-Authentication-Flow-s-078fe-network-errors-during-login-Mobile-Safari/error-context.md]]
]]>
</system-out>
</testcase>
</testsuite>
<testsuite name="client-kanban.spec.ts" timestamp="2025-07-23T15:45:12.510Z" hostname="Mobile Safari" tests="1" failures="0" skipped="0" time="0.554" errors="0">
<testcase name="Client Kanban Flow › should add a client and move in Kanban" classname="client-kanban.spec.ts" time="0.554">
</testcase>
</testsuite>
<testsuite name="auth.spec.ts" timestamp="2025-07-23T15:45:12.510Z" hostname="Microsoft Edge" tests="9" failures="9" skipped="0" time="0.017" errors="0">
<testcase name="Authentication Flow › should navigate to login page when not authenticated" classname="auth.spec.ts" time="0.002">
<failure message="auth.spec.ts:9:7 should navigate to login page when not authenticated" type="FAILURE">
<![CDATA[  [Microsoft Edge] › auth.spec.ts:9:7 › Authentication Flow › should navigate to login page when not authenticated 

    Error: browserType.launch: Chromium distribution 'msedge' is not found at /Applications/Microsoft Edge.app/Contents/MacOS/Microsoft Edge
    Run "npx playwright install msedge"
]]>
</failure>
</testcase>
<testcase name="Authentication Flow › should show validation errors for invalid login" classname="auth.spec.ts" time="0.002">
<failure message="auth.spec.ts:27:7 should show validation errors for invalid login" type="FAILURE">
<![CDATA[  [Microsoft Edge] › auth.spec.ts:27:7 › Authentication Flow › should show validation errors for invalid login 

    Error: browserType.launch: Chromium distribution 'msedge' is not found at /Applications/Microsoft Edge.app/Contents/MacOS/Microsoft Edge
    Run "npx playwright install msedge"
]]>
</failure>
</testcase>
<testcase name="Authentication Flow › should perform successful login flow" classname="auth.spec.ts" time="0.002">
<failure message="auth.spec.ts:47:7 should perform successful login flow" type="FAILURE">
<![CDATA[  [Microsoft Edge] › auth.spec.ts:47:7 › Authentication Flow › should perform successful login flow 

    Error: browserType.launch: Chromium distribution 'msedge' is not found at /Applications/Microsoft Edge.app/Contents/MacOS/Microsoft Edge
    Run "npx playwright install msedge"
]]>
</failure>
</testcase>
<testcase name="Authentication Flow › should handle login with &quot;Remember Me&quot; option" classname="auth.spec.ts" time="0.002">
<failure message="auth.spec.ts:77:7 should handle login with &quot;Remember Me&quot; option" type="FAILURE">
<![CDATA[  [Microsoft Edge] › auth.spec.ts:77:7 › Authentication Flow › should handle login with "Remember Me" option 

    Error: browserType.launch: Chromium distribution 'msedge' is not found at /Applications/Microsoft Edge.app/Contents/MacOS/Microsoft Edge
    Run "npx playwright install msedge"
]]>
</failure>
</testcase>
<testcase name="Authentication Flow › should handle logout functionality" classname="auth.spec.ts" time="0.002">
<failure message="auth.spec.ts:102:7 should handle logout functionality" type="FAILURE">
<![CDATA[  [Microsoft Edge] › auth.spec.ts:102:7 › Authentication Flow › should handle logout functionality ─

    Error: browserType.launch: Chromium distribution 'msedge' is not found at /Applications/Microsoft Edge.app/Contents/MacOS/Microsoft Edge
    Run "npx playwright install msedge"
]]>
</failure>
</testcase>
<testcase name="Authentication Flow › should redirect to intended page after login" classname="auth.spec.ts" time="0.002">
<failure message="auth.spec.ts:140:7 should redirect to intended page after login" type="FAILURE">
<![CDATA[  [Microsoft Edge] › auth.spec.ts:140:7 › Authentication Flow › should redirect to intended page after login 

    Error: browserType.launch: Chromium distribution 'msedge' is not found at /Applications/Microsoft Edge.app/Contents/MacOS/Microsoft Edge
    Run "npx playwright install msedge"
]]>
</failure>
</testcase>
<testcase name="Authentication Flow › should handle session timeout gracefully" classname="auth.spec.ts" time="0.001">
<failure message="auth.spec.ts:160:7 should handle session timeout gracefully" type="FAILURE">
<![CDATA[  [Microsoft Edge] › auth.spec.ts:160:7 › Authentication Flow › should handle session timeout gracefully 

    Error: browserType.launch: Chromium distribution 'msedge' is not found at /Applications/Microsoft Edge.app/Contents/MacOS/Microsoft Edge
    Run "npx playwright install msedge"
]]>
</failure>
</testcase>
<testcase name="Authentication Flow › should show loading state during login" classname="auth.spec.ts" time="0.002">
<failure message="auth.spec.ts:193:7 should show loading state during login" type="FAILURE">
<![CDATA[  [Microsoft Edge] › auth.spec.ts:193:7 › Authentication Flow › should show loading state during login 

    Error: browserType.launch: Chromium distribution 'msedge' is not found at /Applications/Microsoft Edge.app/Contents/MacOS/Microsoft Edge
    Run "npx playwright install msedge"
]]>
</failure>
</testcase>
<testcase name="Authentication Flow › should handle network errors during login" classname="auth.spec.ts" time="0.002">
<failure message="auth.spec.ts:221:7 should handle network errors during login" type="FAILURE">
<![CDATA[  [Microsoft Edge] › auth.spec.ts:221:7 › Authentication Flow › should handle network errors during login 

    Error: browserType.launch: Chromium distribution 'msedge' is not found at /Applications/Microsoft Edge.app/Contents/MacOS/Microsoft Edge
    Run "npx playwright install msedge"
]]>
</failure>
</testcase>
</testsuite>
<testsuite name="client-kanban.spec.ts" timestamp="2025-07-23T15:45:12.510Z" hostname="Microsoft Edge" tests="1" failures="1" skipped="0" time="0.003" errors="0">
<testcase name="Client Kanban Flow › should add a client and move in Kanban" classname="client-kanban.spec.ts" time="0.003">
<failure message="client-kanban.spec.ts:4:7 should add a client and move in Kanban" type="FAILURE">
<![CDATA[  [Microsoft Edge] › client-kanban.spec.ts:4:7 › Client Kanban Flow › should add a client and move in Kanban 

    Error: browserType.launch: Chromium distribution 'msedge' is not found at /Applications/Microsoft Edge.app/Contents/MacOS/Microsoft Edge
    Run "npx playwright install msedge"
]]>
</failure>
</testcase>
</testsuite>
<testsuite name="auth.spec.ts" timestamp="2025-07-23T15:45:12.510Z" hostname="Google Chrome" tests="9" failures="9" skipped="0" time="0.011" errors="0">
<testcase name="Authentication Flow › should navigate to login page when not authenticated" classname="auth.spec.ts" time="0.001">
<failure message="auth.spec.ts:9:7 should navigate to login page when not authenticated" type="FAILURE">
<![CDATA[  [Google Chrome] › auth.spec.ts:9:7 › Authentication Flow › should navigate to login page when not authenticated 

    Error: browserType.launch: Chromium distribution 'chrome' is not found at /Applications/Google Chrome.app/Contents/MacOS/Google Chrome
    Run "npx playwright install chrome"
]]>
</failure>
</testcase>
<testcase name="Authentication Flow › should show validation errors for invalid login" classname="auth.spec.ts" time="0.001">
<failure message="auth.spec.ts:27:7 should show validation errors for invalid login" type="FAILURE">
<![CDATA[  [Google Chrome] › auth.spec.ts:27:7 › Authentication Flow › should show validation errors for invalid login 

    Error: browserType.launch: Chromium distribution 'chrome' is not found at /Applications/Google Chrome.app/Contents/MacOS/Google Chrome
    Run "npx playwright install chrome"
]]>
</failure>
</testcase>
<testcase name="Authentication Flow › should perform successful login flow" classname="auth.spec.ts" time="0.001">
<failure message="auth.spec.ts:47:7 should perform successful login flow" type="FAILURE">
<![CDATA[  [Google Chrome] › auth.spec.ts:47:7 › Authentication Flow › should perform successful login flow ─

    Error: browserType.launch: Chromium distribution 'chrome' is not found at /Applications/Google Chrome.app/Contents/MacOS/Google Chrome
    Run "npx playwright install chrome"
]]>
</failure>
</testcase>
<testcase name="Authentication Flow › should handle login with &quot;Remember Me&quot; option" classname="auth.spec.ts" time="0.001">
<failure message="auth.spec.ts:77:7 should handle login with &quot;Remember Me&quot; option" type="FAILURE">
<![CDATA[  [Google Chrome] › auth.spec.ts:77:7 › Authentication Flow › should handle login with "Remember Me" option 

    Error: browserType.launch: Chromium distribution 'chrome' is not found at /Applications/Google Chrome.app/Contents/MacOS/Google Chrome
    Run "npx playwright install chrome"
]]>
</failure>
</testcase>
<testcase name="Authentication Flow › should handle logout functionality" classname="auth.spec.ts" time="0.002">
<failure message="auth.spec.ts:102:7 should handle logout functionality" type="FAILURE">
<![CDATA[  [Google Chrome] › auth.spec.ts:102:7 › Authentication Flow › should handle logout functionality ──

    Error: browserType.launch: Chromium distribution 'chrome' is not found at /Applications/Google Chrome.app/Contents/MacOS/Google Chrome
    Run "npx playwright install chrome"
]]>
</failure>
</testcase>
<testcase name="Authentication Flow › should redirect to intended page after login" classname="auth.spec.ts" time="0.001">
<failure message="auth.spec.ts:140:7 should redirect to intended page after login" type="FAILURE">
<![CDATA[  [Google Chrome] › auth.spec.ts:140:7 › Authentication Flow › should redirect to intended page after login 

    Error: browserType.launch: Chromium distribution 'chrome' is not found at /Applications/Google Chrome.app/Contents/MacOS/Google Chrome
    Run "npx playwright install chrome"
]]>
</failure>
</testcase>
<testcase name="Authentication Flow › should handle session timeout gracefully" classname="auth.spec.ts" time="0.002">
<failure message="auth.spec.ts:160:7 should handle session timeout gracefully" type="FAILURE">
<![CDATA[  [Google Chrome] › auth.spec.ts:160:7 › Authentication Flow › should handle session timeout gracefully 

    Error: browserType.launch: Chromium distribution 'chrome' is not found at /Applications/Google Chrome.app/Contents/MacOS/Google Chrome
    Run "npx playwright install chrome"
]]>
</failure>
</testcase>
<testcase name="Authentication Flow › should show loading state during login" classname="auth.spec.ts" time="0.001">
<failure message="auth.spec.ts:193:7 should show loading state during login" type="FAILURE">
<![CDATA[  [Google Chrome] › auth.spec.ts:193:7 › Authentication Flow › should show loading state during login 

    Error: browserType.launch: Chromium distribution 'chrome' is not found at /Applications/Google Chrome.app/Contents/MacOS/Google Chrome
    Run "npx playwright install chrome"
]]>
</failure>
</testcase>
<testcase name="Authentication Flow › should handle network errors during login" classname="auth.spec.ts" time="0.001">
<failure message="auth.spec.ts:221:7 should handle network errors during login" type="FAILURE">
<![CDATA[  [Google Chrome] › auth.spec.ts:221:7 › Authentication Flow › should handle network errors during login 

    Error: browserType.launch: Chromium distribution 'chrome' is not found at /Applications/Google Chrome.app/Contents/MacOS/Google Chrome
    Run "npx playwright install chrome"
]]>
</failure>
</testcase>
</testsuite>
<testsuite name="client-kanban.spec.ts" timestamp="2025-07-23T15:45:12.510Z" hostname="Google Chrome" tests="1" failures="1" skipped="0" time="0.001" errors="0">
<testcase name="Client Kanban Flow › should add a client and move in Kanban" classname="client-kanban.spec.ts" time="0.001">
<failure message="client-kanban.spec.ts:4:7 should add a client and move in Kanban" type="FAILURE">
<![CDATA[  [Google Chrome] › client-kanban.spec.ts:4:7 › Client Kanban Flow › should add a client and move in Kanban 

    Error: browserType.launch: Chromium distribution 'chrome' is not found at /Applications/Google Chrome.app/Contents/MacOS/Google Chrome
    Run "npx playwright install chrome"
]]>
</failure>
</testcase>
</testsuite>
</testsuites>